# JRE version: Java(TM) SE Runtime Environment (8.0_101-b13) (build 1.8.0_101-b13)
# Java VM: Java HotSpot(TM) 64-Bit Server VM (25.101-b13 mixed mode windows-amd64 compressed oops)
Heap:
 PSYoungGen      total 659968K, used 20892K [0x0000000756180000, 0x0000000781480000, 0x00000007c0000000)
  eden space 651776K, 1% used [0x0000000756180000,0x0000000756e1a908,0x000000077de00000)
  from space 8192K, 97% used [0x000000077f900000,0x00000007800cca00,0x0000000780100000)
  to   space 19968K, 0% used [0x0000000780100000,0x0000000780100000,0x0000000781480000)
 ParOldGen       total 197120K, used 35632K [0x0000000682400000, 0x000000068e480000, 0x0000000756180000)
  object space 197120K, 18% used [0x0000000682400000,0x00000006846cc1c8,0x000000068e480000)
 Metaspace       used 62170K, capacity 65516K, committed 65624K, reserved 1107968K
  class space    used 6888K, capacity 7490K, committed 7552K, reserved 1048576K
GC Heap History (10 events):
Event: 28.942 GC heap before
{Heap before GC invocations=12 (full 2):
 PSYoungGen      total 509952K, used 14265K [0x0000000756180000, 0x0000000778500000, 0x00000007c0000000)
  eden space 495616K, 0% used [0x0000000756180000,0x0000000756180000,0x0000000774580000)
  from space 14336K, 99% used [0x0000000777700000,0x00000007784ee450,0x0000000778500000)
  to   space 25600K, 0% used [0x0000000775300000,0x0000000775300000,0x0000000776c00000)
 ParOldGen       total 129024K, used 25183K [0x0000000682400000, 0x000000068a200000, 0x0000000756180000)
  object space 129024K, 19% used [0x0000000682400000,0x0000000683c97c60,0x000000068a200000)
 Metaspace       used 33981K, capacity 35320K, committed 35456K, reserved 1081344K
  class space    used 3849K, capacity 4125K, committed 4224K, reserved 1048576K
Event: 28.989 GC heap after
Heap after GC invocations=12 (full 2):
 PSYoungGen      total 509952K, used 0K [0x0000000756180000, 0x0000000778500000, 0x00000007c0000000)
  eden space 495616K, 0% used [0x0000000756180000,0x0000000756180000,0x0000000774580000)
  from space 14336K, 0% used [0x0000000777700000,0x0000000777700000,0x0000000778500000)
  to   space 25600K, 0% used [0x0000000775300000,0x0000000775300000,0x0000000776c00000)
 ParOldGen       total 158208K, used 24528K [0x0000000682400000, 0x000000068be80000, 0x0000000756180000)
  object space 158208K, 15% used [0x0000000682400000,0x0000000683bf4060,0x000000068be80000)
 Metaspace       used 33940K, capacity 35180K, committed 35456K, reserved 1081344K
  class space    used 3848K, capacity 4121K, committed 4224K, reserved 1048576K
}
Event: 37.554 GC heap before
{Heap before GC invocations=13 (full 2):
 PSYoungGen      total 509952K, used 495616K [0x0000000756180000, 0x0000000778500000, 0x00000007c0000000)
  eden space 495616K, 100% used [0x0000000756180000,0x0000000774580000,0x0000000774580000)
  from space 14336K, 0% used [0x0000000777700000,0x0000000777700000,0x0000000778500000)
  to   space 25600K, 0% used [0x0000000775300000,0x0000000775300000,0x0000000776c00000)
 ParOldGen       total 158208K, used 24528K [0x0000000682400000, 0x000000068be80000, 0x0000000756180000)
  object space 158208K, 15% used [0x0000000682400000,0x0000000683bf4060,0x000000068be80000)
 Metaspace       used 47037K, capacity 49700K, committed 49920K, reserved 1093632K
  class space    used 5534K, capacity 6031K, committed 6144K, reserved 1048576K
Event: 37.580 GC heap after
Heap after GC invocations=13 (full 2):
 PSYoungGen      total 535040K, used 18297K [0x0000000756180000, 0x0000000782d00000, 0x00000007c0000000)
  eden space 509440K, 0% used [0x0000000756180000,0x0000000756180000,0x0000000775300000)
  from space 25600K, 71% used [0x0000000775300000,0x00000007764de7b8,0x0000000776c00000)
  to   space 25600K, 0% used [0x0000000781400000,0x0000000781400000,0x0000000782d00000)
 ParOldGen       total 158208K, used 24544K [0x0000000682400000, 0x000000068be80000, 0x0000000756180000)
  object space 158208K, 15% used [0x0000000682400000,0x0000000683bf8060,0x000000068be80000)
 Metaspace       used 47037K, capacity 49700K, committed 49920K, reserved 1093632K
  class space    used 5534K, capacity 6031K, committed 6144K, reserved 1048576K
}
Event: 240.484 GC heap before
{Heap before GC invocations=14 (full 2):
 PSYoungGen      total 535040K, used 285293K [0x0000000756180000, 0x0000000782d00000, 0x00000007c0000000)
  eden space 509440K, 52% used [0x0000000756180000,0x000000076663ccd8,0x0000000775300000)
  from space 25600K, 71% used [0x0000000775300000,0x00000007764de7b8,0x0000000776c00000)
  to   space 25600K, 0% used [0x0000000781400000,0x0000000781400000,0x0000000782d00000)
 ParOldGen       total 158208K, used 24544K [0x0000000682400000, 0x000000068be80000, 0x0000000756180000)
  object space 158208K, 15% used [0x0000000682400000,0x0000000683bf8060,0x000000068be80000)
 Metaspace       used 56025K, capacity 59048K, committed 59096K, reserved 1101824K
  class space    used 6560K, capacity 7133K, committed 7168K, reserved 1048576K
Event: 240.503 GC heap after
Heap after GC invocations=14 (full 2):
 PSYoungGen      total 702976K, used 14393K [0x0000000756180000, 0x0000000782b00000, 0x00000007c0000000)
  eden space 679424K, 0% used [0x0000000756180000,0x0000000756180000,0x000000077f900000)
  from space 23552K, 61% used [0x0000000781400000,0x000000078220e6c8,0x0000000782b00000)
  to   space 25600K, 0% used [0x000000077f900000,0x000000077f900000,0x0000000781200000)
 ParOldGen       total 158208K, used 33157K [0x0000000682400000, 0x000000068be80000, 0x0000000756180000)
  object space 158208K, 20% used [0x0000000682400000,0x00000006844614b8,0x000000068be80000)
 Metaspace       used 56025K, capacity 59048K, committed 59096K, reserved 1101824K
  class space    used 6560K, capacity 7133K, committed 7168K, reserved 1048576K
}
Event: 240.503 GC heap before
{Heap before GC invocations=15 (full 3):
 PSYoungGen      total 702976K, used 14393K [0x0000000756180000, 0x0000000782b00000, 0x00000007c0000000)
  eden space 679424K, 0% used [0x0000000756180000,0x0000000756180000,0x000000077f900000)
  from space 23552K, 61% used [0x0000000781400000,0x000000078220e6c8,0x0000000782b00000)
  to   space 25600K, 0% used [0x000000077f900000,0x000000077f900000,0x0000000781200000)
 ParOldGen       total 158208K, used 33157K [0x0000000682400000, 0x000000068be80000, 0x0000000756180000)
  object space 158208K, 20% used [0x0000000682400000,0x00000006844614b8,0x000000068be80000)
 Metaspace       used 56025K, capacity 59048K, committed 59096K, reserved 1101824K
  class space    used 6560K, capacity 7133K, committed 7168K, reserved 1048576K
Event: 240.689 GC heap after
Heap after GC invocations=15 (full 3):
 PSYoungGen      total 702976K, used 0K [0x0000000756180000, 0x0000000782b00000, 0x00000007c0000000)
  eden space 679424K, 0% used [0x0000000756180000,0x0000000756180000,0x000000077f900000)
  from space 23552K, 0% used [0x0000000781400000,0x0000000781400000,0x0000000782b00000)
  to   space 25600K, 0% used [0x000000077f900000,0x000000077f900000,0x0000000781200000)
 ParOldGen       total 197120K, used 35624K [0x0000000682400000, 0x000000068e480000, 0x0000000756180000)
  object space 197120K, 18% used [0x0000000682400000,0x00000006846ca1c8,0x000000068e480000)
 Metaspace       used 55998K, capacity 58978K, committed 59096K, reserved 1101824K
  class space    used 6551K, capacity 7116K, committed 7168K, reserved 1048576K
}
Event: 5503.692 GC heap before
{Heap before GC invocations=16 (full 3):
 PSYoungGen      total 702976K, used 679424K [0x0000000756180000, 0x0000000782b00000, 0x00000007c0000000)
  eden space 679424K, 100% used [0x0000000756180000,0x000000077f900000,0x000000077f900000)
  from space 23552K, 0% used [0x0000000781400000,0x0000000781400000,0x0000000782b00000)
  to   space 25600K, 0% used [0x000000077f900000,0x000000077f900000,0x0000000781200000)
 ParOldGen       total 197120K, used 35624K [0x0000000682400000, 0x000000068e480000, 0x0000000756180000)
  object space 197120K, 18% used [0x0000000682400000,0x00000006846ca1c8,0x000000068e480000)
 Metaspace       used 62161K, capacity 65516K, committed 65624K, reserved 1107968K
  class space    used 6887K, capacity 7490K, committed 7552K, reserved 1048576K
Event: 5503.746 GC heap after
Heap after GC invocations=16 (full 3):
 PSYoungGen      total 659968K, used 7986K [0x0000000756180000, 0x0000000781480000, 0x00000007c0000000)
  eden space 651776K, 0% used [0x0000000756180000,0x0000000756180000,0x000000077de00000)
  from space 8192K, 97% used [0x000000077f900000,0x00000007800cca00,0x0000000780100000)
  to   space 19968K, 0% used [0x0000000780100000,0x0000000780100000,0x0000000781480000)
 ParOldGen       total 197120K, used 35632K [0x0000000682400000, 0x000000068e480000, 0x0000000756180000)
  object space 197120K, 18% used [0x0000000682400000,0x00000006846cc1c8,0x000000068e480000)
 Metaspace       used 62161K, capacity 65516K, committed 65624K, reserved 1107968K
  class space    used 6887K, capacity 7490K, committed 7552K, reserved 1048576K
}

