# JRE version: Java(TM) SE Runtime Environment (8.0_101-b13) (build 1.8.0_101-b13)
# Java VM: Java HotSpot(TM) 64-Bit Server VM (25.101-b13 mixed mode windows-amd64 compressed oops)
Heap:
 par new generation   total 613440K, used 461101K [0x0000000080000000, 0x00000000a9990000, 0x00000000a9990000)
  eden space 545344K,  73% used [0x0000000080000000, 0x00000000989b1550, 0x00000000a1490000)
  from space 68096K,  85% used [0x00000000a1490000, 0x00000000a4d2a0c8, 0x00000000a5710000)
  to   space 68096K,   0% used [0x00000000a5710000, 0x00000000a5710000, 0x00000000a9990000)
 concurrent mark-sweep generation total 654344K, used 376789K [0x00000000a9990000, 0x00000000d1892000, 0x0000000100000000)
 Metaspace       used 193273K, capacity 200480K, committed 200672K, reserved 1218560K
  class space    used 29687K, capacity 32032K, committed 32116K, reserved 1048576K
GC Heap History (10 events):
Event: 151.413 GC heap before
{Heap before GC invocations=155 (full 11):
 par new generation   total 613440K, used 569545K [0x0000000080000000, 0x00000000a9990000, 0x00000000a9990000)
  eden space 545344K, 100% used [0x0000000080000000, 0x00000000a1490000, 0x00000000a1490000)
  from space 68096K,  35% used [0x00000000a5710000, 0x00000000a6eb24c8, 0x00000000a9990000)
  to   space 68096K,   0% used [0x00000000a1490000, 0x00000000a1490000, 0x00000000a5710000)
 concurrent mark-sweep generation total 654344K, used 331268K [0x00000000a9990000, 0x00000000d1892000, 0x0000000100000000)
 Metaspace       used 171730K, capacity 178580K, committed 178912K, reserved 1200128K
  class space    used 26742K, capacity 28998K, committed 29044K, reserved 1048576K
Event: 151.423 GC heap after
Heap after GC invocations=156 (full 11):
 par new generation   total 613440K, used 22291K [0x0000000080000000, 0x00000000a9990000, 0x00000000a9990000)
  eden space 545344K,   0% used [0x0000000080000000, 0x0000000080000000, 0x00000000a1490000)
  from space 68096K,  32% used [0x00000000a1490000, 0x00000000a2a54f48, 0x00000000a5710000)
  to   space 68096K,   0% used [0x00000000a5710000, 0x00000000a5710000, 0x00000000a9990000)
 concurrent mark-sweep generation total 654344K, used 331268K [0x00000000a9990000, 0x00000000d1892000, 0x0000000100000000)
 Metaspace       used 171730K, capacity 178580K, committed 178912K, reserved 1200128K
  class space    used 26742K, capacity 28998K, committed 29044K, reserved 1048576K
}
Event: 151.640 GC heap before
{Heap before GC invocations=156 (full 11):
 par new generation   total 613440K, used 567635K [0x0000000080000000, 0x00000000a9990000, 0x00000000a9990000)
  eden space 545344K, 100% used [0x0000000080000000, 0x00000000a1490000, 0x00000000a1490000)
  from space 68096K,  32% used [0x00000000a1490000, 0x00000000a2a54f48, 0x00000000a5710000)
  to   space 68096K,   0% used [0x00000000a5710000, 0x00000000a5710000, 0x00000000a9990000)
 concurrent mark-sweep generation total 654344K, used 331268K [0x00000000a9990000, 0x00000000d1892000, 0x0000000100000000)
 Metaspace       used 171738K, capacity 178580K, committed 178912K, reserved 1200128K
  class space    used 26742K, capacity 28998K, committed 29044K, reserved 1048576K
Event: 151.653 GC heap after
Heap after GC invocations=157 (full 11):
 par new generation   total 613440K, used 22100K [0x0000000080000000, 0x00000000a9990000, 0x00000000a9990000)
  eden space 545344K,   0% used [0x0000000080000000, 0x0000000080000000, 0x00000000a1490000)
  from space 68096K,  32% used [0x00000000a5710000, 0x00000000a6ca5398, 0x00000000a9990000)
  to   space 68096K,   0% used [0x00000000a1490000, 0x00000000a1490000, 0x00000000a5710000)
 concurrent mark-sweep generation total 654344K, used 334285K [0x00000000a9990000, 0x00000000d1892000, 0x0000000100000000)
 Metaspace       used 171738K, capacity 178580K, committed 178912K, reserved 1200128K
  class space    used 26742K, capacity 28998K, committed 29044K, reserved 1048576K
}
Event: 151.881 GC heap before
{Heap before GC invocations=157 (full 11):
 par new generation   total 613440K, used 567444K [0x0000000080000000, 0x00000000a9990000, 0x00000000a9990000)
  eden space 545344K, 100% used [0x0000000080000000, 0x00000000a1490000, 0x00000000a1490000)
  from space 68096K,  32% used [0x00000000a5710000, 0x00000000a6ca5398, 0x00000000a9990000)
  to   space 68096K,   0% used [0x00000000a1490000, 0x00000000a1490000, 0x00000000a5710000)
 concurrent mark-sweep generation total 654344K, used 334285K [0x00000000a9990000, 0x00000000d1892000, 0x0000000100000000)
 Metaspace       used 171741K, capacity 178580K, committed 178912K, reserved 1200128K
  class space    used 26742K, capacity 28998K, committed 29044K, reserved 1048576K
Event: 151.890 GC heap after
Heap after GC invocations=158 (full 11):
 par new generation   total 613440K, used 21909K [0x0000000080000000, 0x00000000a9990000, 0x00000000a9990000)
  eden space 545344K,   0% used [0x0000000080000000, 0x0000000080000000, 0x00000000a1490000)
  from space 68096K,  32% used [0x00000000a1490000, 0x00000000a29f57e8, 0x00000000a5710000)
  to   space 68096K,   0% used [0x00000000a5710000, 0x00000000a5710000, 0x00000000a9990000)
 concurrent mark-sweep generation total 654344K, used 334285K [0x00000000a9990000, 0x00000000d1892000, 0x0000000100000000)
 Metaspace       used 171741K, capacity 178580K, committed 178912K, reserved 1200128K
  class space    used 26742K, capacity 28998K, committed 29044K, reserved 1048576K
}
Event: 163.448 GC heap before
{Heap before GC invocations=158 (full 11):
 par new generation   total 613440K, used 567253K [0x0000000080000000, 0x00000000a9990000, 0x00000000a9990000)
  eden space 545344K, 100% used [0x0000000080000000, 0x00000000a1490000, 0x00000000a1490000)
  from space 68096K,  32% used [0x00000000a1490000, 0x00000000a29f57e8, 0x00000000a5710000)
  to   space 68096K,   0% used [0x00000000a5710000, 0x00000000a5710000, 0x00000000a9990000)
 concurrent mark-sweep generation total 654344K, used 334285K [0x00000000a9990000, 0x00000000d1892000, 0x0000000100000000)
 Metaspace       used 184224K, capacity 191124K, committed 191456K, reserved 1210368K
  class space    used 28319K, capacity 30485K, committed 30580K, reserved 1048576K
Event: 163.482 GC heap after
Heap after GC invocations=159 (full 11):
 par new generation   total 613440K, used 54628K [0x0000000080000000, 0x00000000a9990000, 0x00000000a9990000)
  eden space 545344K,   0% used [0x0000000080000000, 0x0000000080000000, 0x00000000a1490000)
  from space 68096K,  80% used [0x00000000a5710000, 0x00000000a8c692d0, 0x00000000a9990000)
  to   space 68096K,   0% used [0x00000000a1490000, 0x00000000a1490000, 0x00000000a5710000)
 concurrent mark-sweep generation total 654344K, used 335417K [0x00000000a9990000, 0x00000000d1892000, 0x0000000100000000)
 Metaspace       used 184224K, capacity 191124K, committed 191456K, reserved 1210368K
  class space    used 28319K, capacity 30485K, committed 30580K, reserved 1048576K
}
Event: 195.773 GC heap before
{Heap before GC invocations=159 (full 11):
 par new generation   total 613440K, used 599972K [0x0000000080000000, 0x00000000a9990000, 0x00000000a9990000)
  eden space 545344K, 100% used [0x0000000080000000, 0x00000000a1490000, 0x00000000a1490000)
  from space 68096K,  80% used [0x00000000a5710000, 0x00000000a8c692d0, 0x00000000a9990000)
  to   space 68096K,   0% used [0x00000000a1490000, 0x00000000a1490000, 0x00000000a5710000)
 concurrent mark-sweep generation total 654344K, used 335417K [0x00000000a9990000, 0x00000000d1892000, 0x0000000100000000)
 Metaspace       used 190052K, capacity 197116K, committed 197216K, reserved 1214464K
  class space    used 29145K, capacity 31450K, committed 31476K, reserved 1048576K
Event: 195.821 GC heap after
Heap after GC invocations=160 (full 11):
 par new generation   total 613440K, used 57960K [0x0000000080000000, 0x00000000a9990000, 0x00000000a9990000)
  eden space 545344K,   0% used [0x0000000080000000, 0x0000000080000000, 0x00000000a1490000)
  from space 68096K,  85% used [0x00000000a1490000, 0x00000000a4d2a0c8, 0x00000000a5710000)
  to   space 68096K,   0% used [0x00000000a5710000, 0x00000000a5710000, 0x00000000a9990000)
 concurrent mark-sweep generation total 654344K, used 376789K [0x00000000a9990000, 0x00000000d1892000, 0x0000000100000000)
 Metaspace       used 190052K, capacity 197116K, committed 197216K, reserved 1214464K
  class space    used 29145K, capacity 31450K, committed 31476K, reserved 1048576K
}

